1711051780,25,Orange Town 02 - Treasure,F:\VIDEO_MEDIA\TV\One Pace\[One Pace][8-21] Orange Town [1080p]\[One Pace][12-19] Orange Town 02 [1080p][C0A5D51D].mkv,158
1711052201,72,GalaxyRG - The.Creator.2023.1080p.AMZN.WEBRip.1600MB.DD5.1.x264-GalaxyRG,F:\VIDEO_MEDIA\Movies\The.Creator.2023.1080p.AMZN.WEBRip.1600MB.DD5.1.x264-GalaxyRG[TGx]\The.Creator.2023.1080p.AMZN.WEBRip.1600MB.DD5.1.x264-GalaxyRG.mkv,241
1711052614,72,GalaxyRG - The.Creator.2023.1080p.AMZN.WEBRip.1600MB.DD5.1.x264-GalaxyRG,F:\VIDEO_MEDIA\Movies\The.Creator.2023.1080p.AMZN.WEBRip.1600MB.DD5.1.x264-GalaxyRG[TGx]\The.Creator.2023.1080p.AMZN.WEBRip.1600MB.DD5.1.x264-GalaxyRG.mkv,241
1711052691,72,GalaxyRG - The.Creator.2023.1080p.AMZN.WEBRip.1600MB.DD5.1.x264-GalaxyRG,F:\VIDEO_MEDIA\Movies\The.Creator.2023.1080p.AMZN.WEBRip.1600MB.DD5.1.x264-GalaxyRG[TGx]\The.Creator.2023.1080p.AMZN.WEBRip.1600MB.DD5.1.x264-GalaxyRG.mkv,241
1711060782,25,Orange Town 02 - Treasure,F:\VIDEO_MEDIA\TV\One Pace\[One Pace][8-21] Orange Town [1080p]\[One Pace][12-19] Orange Town 02 [1080p][C0A5D51D].mkv,158
1711062883,25,Orange Town 02 - Treasure,F:\VIDEO_MEDIA\TV\One Pace\[One Pace][8-21] Orange Town [1080p]\[One Pace][12-19] Orange Town 02 [1080p][C0A5D51D].mkv,158
1711063820,25,Orange Town 02 - Treasure,F:\VIDEO_MEDIA\TV\One Pace\[One Pace][8-21] Orange Town [1080p]\[One Pace][12-19] Orange Town 02 [1080p][C0A5D51D].mkv,158
1711063911,25,Orange Town 02 - Treasure,F:\VIDEO_MEDIA\TV\One Pace\[One Pace][8-21] Orange Town [1080p]\[One Pace][12-19] Orange Town 02 [1080p][C0A5D51D].mkv,158
1711064137,25,Orange Town 02 - Treasure,F:\VIDEO_MEDIA\TV\One Pace\[One Pace][8-21] Orange Town [1080p]\[One Pace][12-19] Orange Town 02 [1080p][C0A5D51D].mkv,158
1711064163,25,Orange Town 02 - Treasure,F:\VIDEO_MEDIA\TV\One Pace\[One Pace][8-21] Orange Town [1080p]\[One Pace][12-19] Orange Town 02 [1080p][C0A5D51D].mkv,158
1711064658,25,Orange Town 02 - Treasure,F:\VIDEO_MEDIA\TV\One Pace\[One Pace][8-21] Orange Town [1080p]\[One Pace][12-19] Orange Town 02 [1080p][C0A5D51D].mkv,158
1711064814,25,Orange Town 02 - Treasure,F:\VIDEO_MEDIA\TV\One Pace\[One Pace][8-21] Orange Town [1080p]\[One Pace][12-19] Orange Town 02 [1080p][C0A5D51D].mkv,158
1711064959,25,Orange Town 02 - Treasure,F:\VIDEO_MEDIA\TV\One Pace\[One Pace][8-21] Orange Town [1080p]\[One Pace][12-19] Orange Town 02 [1080p][C0A5D51D].mkv,158
1711064988,25,Orange Town 02 - Treasure,F:\VIDEO_MEDIA\TV\One Pace\[One Pace][8-21] Orange Town [1080p]\[One Pace][12-19] Orange Town 02 [1080p][C0A5D51D].mkv,158
1711065199,72,GalaxyRG - The.Creator.2023.1080p.AMZN.WEBRip.1600MB.DD5.1.x264-GalaxyRG,F:\VIDEO_MEDIA\Movies\The.Creator.2023.1080p.AMZN.WEBRip.1600MB.DD5.1.x264-GalaxyRG[TGx]\The.Creator.2023.1080p.AMZN.WEBRip.1600MB.DD5.1.x264-GalaxyRG.mkv,241
1711065516,25,Orange Town 02 - Treasure,F:\VIDEO_MEDIA\TV\One Pace\[One Pace][8-21] Orange Town [1080p]\[One Pace][12-19] Orange Town 02 [1080p][C0A5D51D].mkv,158
1711065663,25,Orange Town 02 - Treasure,F:\VIDEO_MEDIA\TV\One Pace\[One Pace][8-21] Orange Town [1080p]\[One Pace][12-19] Orange Town 02 [1080p][C0A5D51D].mkv,158
1711072326,25,Orange Town 02 - Treasure,F:\VIDEO_MEDIA\TV\One Pace\[One Pace][8-21] Orange Town [1080p]\[One Pace][12-19] Orange Town 02 [1080p][C0A5D51D].mkv,158
1711074830,25,Orange Town 02 - Treasure,F:\VIDEO_MEDIA\TV\One Pace\[One Pace][8-21] Orange Town [1080p]\[One Pace][12-19] Orange Town 02 [1080p][C0A5D51D].mkv,158
1711075145,23,BSG S01E03 Bastille Day,F:\VIDEO_MEDIA\TV\Battlestar Galactica Complete BDRip 720p x264 AC-3 5.1 (MKV)\02-Season 1\BSG.S01E03.Bastille.Day+C.mkv,158
1711075487,25,Orange Town 02 - Treasure,F:\VIDEO_MEDIA\TV\One Pace\[One Pace][8-21] Orange Town [1080p]\[One Pace][12-19] Orange Town 02 [1080p][C0A5D51D].mkv,158
1711075836,25,Orange Town 02 - Treasure,F:\VIDEO_MEDIA\TV\One Pace\[One Pace][8-21] Orange Town [1080p]\[One Pace][12-19] Orange Town 02 [1080p][C0A5D51D].mkv,158
1711076122,23,BSG S01E03 Bastille Day,F:\VIDEO_MEDIA\TV\Battlestar Galactica Complete BDRip 720p x264 AC-3 5.1 (MKV)\02-Season 1\BSG.S01E03.Bastille.Day+C.mkv,158
1711076510,25,Orange Town 02 - Treasure,F:\VIDEO_MEDIA\TV\One Pace\[One Pace][8-21] Orange Town [1080p]\[One Pace][12-19] Orange Town 02 [1080p][C0A5D51D].mkv,158
1711076811,25,Orange Town 02 - Treasure,F:\VIDEO_MEDIA\TV\One Pace\[One Pace][8-21] Orange Town [1080p]\[One Pace][12-19] Orange Town 02 [1080p][C0A5D51D].mkv,158
1711076923,23,BSG S01E03 Bastille Day,F:\VIDEO_MEDIA\TV\Battlestar Galactica Complete BDRip 720p x264 AC-3 5.1 (MKV)\02-Season 1\BSG.S01E03.Bastille.Day+C.mkv,158
1711077009,72,GalaxyRG - The.Creator.2023.1080p.AMZN.WEBRip.1600MB.DD5.1.x264-GalaxyRG,F:\VIDEO_MEDIA\Movies\The.Creator.2023.1080p.AMZN.WEBRip.1600MB.DD5.1.x264-GalaxyRG[TGx]\The.Creator.2023.1080p.AMZN.WEBRip.1600MB.DD5.1.x264-GalaxyRG.mkv,241
1711077026,,,F:\VIDEO_MEDIA\Movies\Skateboard Videos\1991 - Blind - Video Days (1991).mp4,89
1711077218,,,F:\VIDEO_MEDIA\Movies\Skateboard Videos\1991 - Blind - Video Days (1991).mp4,89
1711077227,,,F:\VIDEO_MEDIA\Movies\Skateboard Videos\1992 - Plan B - Questionable.avi,85
1711077497,,,F:\VIDEO_MEDIA\Movies\Skateboard Videos\1996 - Girl -  Mouse.avi,77
1711077500,,,F:\VIDEO_MEDIA\Movies\Skateboard Videos\1999 - ZERO - Misled Youth.m4v,83
1711078755,42,2Pac - Hit 'Em Up (Dirty) (Music Video) HD,https://www.youtube.com/watch?v=41qC3w3UUkU,100
1711078793,42,2Pac - Hit 'Em Up (Dirty) (Music Video) HD,https://www.youtube.com/watch?v=41qC3w3UUkU,100
1711084535,94,Wednesday Variety Time: Sixty Four, Contra: Operation Galuga, Guitar Freaks, Parappa, and More,https://www.youtube.com/watch?v=E_lSmwwmBK4,152
1711085040,87,The Basics of Relativity: Light Speed, Time Dilation, and the Expanding Universe | ASMR,https://www.youtube.com/watch?v=JX-GNnxFIY4,145
1711085077,87,The Basics of Relativity: Light Speed, Time Dilation, and the Expanding Universe | ASMR,https://www.youtube.com/watch?v=JX-GNnxFIY4,145
1711085124,87,The Basics of Relativity: Light Speed, Time Dilation, and the Expanding Universe | ASMR,https://www.youtube.com/watch?v=JX-GNnxFIY4,145
1711085243,87,The Basics of Relativity: Light Speed, Time Dilation, and the Expanding Universe | ASMR,https://www.youtube.com/watch?v=JX-GNnxFIY4,145
1711085257,87,The Basics of Relativity: Light Speed, Time Dilation, and the Expanding Universe | ASMR,https://www.youtube.com/watch?v=JX-GNnxFIY4,145
1711149459,32,nyanners (live) 2024-03-22 18:17,https://www.twitch.tv/nyanners,77
1711149535,32,nyanners (live) 2024-03-22 18:18,https://www.twitch.tv/nyanners,77
1711149686,32,nyanners (live) 2024-03-22 18:21,https://www.twitch.tv/nyanners,77
1711166559,,,C:\Users\Dustin\OneDrive\Documents\Samples Onedrive\VintageDrumSamples - AUTHENTIC 80s POP DRUMS\Pop Drums Demo Songs Video.mp4,140
1711166580,,,C:\Users\Dustin\OneDrive\Documents\Samples Onedrive\VintageDrumSamples - AUTHENTIC 80s POP DRUMS\video.mp4,119
1711267534,25,Orange Town 02 - Treasure,/mnt/ext_drive/VIDEO_MEDIA/TV/One Pace/[One Pace][8-21] Orange Town [1080p]/[One Pace][12-19] Orange Town 02 [1080p][C0A5D51D].mkv,170
1711520847,56,ＩＴ'Ｓ　ＯＫＡＹ,　ＣＡＬＭ　ＤＯＷＮ,https://www.youtube.com/live/1BU34QxeCqs?si=Ii5_WJz-CX6nAU-B,131
1711521279,33,ＣＡＬＭ　ＷＩＮＴＥＲ,https://www.youtube.com/watch?v=vDHLpM37kqE,91
1711523889,28,Epic Induction - Numberphile,https://www.youtube.com/watch?v=bylFzBxzQ9M,86
